<?xml version="1.0" encoding="UTF-8"?>
<testsuite xmlns:xsi="http://www.w3.org/2001/XMLSchema-instance" xsi:noNamespaceSchemaLocation="https://maven.apache.org/surefire/maven-surefire-plugin/xsd/surefire-test-report.xsd" name="com.opendecision.modeler.web.ModelGroupControllerTest" time="0" tests="1" errors="1" skipped="0" failures="0">
  <properties>
    <property name="sun.desktop" value="windows"/>
    <property name="awt.toolkit" value="sun.awt.windows.WToolkit"/>
    <property name="file.encoding.pkg" value="sun.io"/>
    <property name="java.specification.version" value="1.8"/>
    <property name="sun.cpu.isalist" value="amd64"/>
    <property name="sun.jnu.encoding" value="GBK"/>
    <property name="java.class.path" value="E:\github\lihongjie\OpenDecision\opendecision\modeler-management\target\test-classes;E:\github\lihongjie\OpenDecision\opendecision\modeler-management\target\classes;E:\Java\maven\repos\com\opendecision\opendecision-core\0.0.1.SNAPSHOT\opendecision-core-0.0.1.SNAPSHOT.jar;E:\Java\maven\repos\org\apache\commons\commons-collections4\4.1\commons-collections4-4.1.jar;E:\Java\maven\repos\org\apache\commons\commons-lang3\3.8.1\commons-lang3-3.8.1.jar;E:\Java\maven\repos\commons-io\commons-io\2.6\commons-io-2.6.jar;E:\Java\maven\repos\com\opendecision\mybatis-mapper\0.0.1.SNAPSHOT\mybatis-mapper-0.0.1.SNAPSHOT.jar;E:\Java\maven\repos\com\baomidou\mybatis-plus-boot-starter\3.1.1\mybatis-plus-boot-starter-3.1.1.jar;E:\Java\maven\repos\com\baomidou\mybatis-plus\3.1.1\mybatis-plus-3.1.1.jar;E:\Java\maven\repos\com\baomidou\mybatis-plus-extension\3.1.1\mybatis-plus-extension-3.1.1.jar;E:\Java\maven\repos\com\baomidou\mybatis-plus-core\3.1.1\mybatis-plus-core-3.1.1.jar;E:\Java\maven\repos\com\baomidou\mybatis-plus-annotation\3.1.1\mybatis-plus-annotation-3.1.1.jar;E:\Java\maven\repos\com\github\jsqlparser\jsqlparser\1.2\jsqlparser-1.2.jar;E:\Java\maven\repos\org\mybatis\mybatis\3.5.1\mybatis-3.5.1.jar;E:\Java\maven\repos\org\mybatis\mybatis-spring\2.0.1\mybatis-spring-2.0.1.jar;E:\Java\maven\repos\org\springframework\boot\spring-boot-starter-jdbc\2.1.3.RELEASE\spring-boot-starter-jdbc-2.1.3.RELEASE.jar;E:\Java\maven\repos\com\zaxxer\HikariCP\3.2.0\HikariCP-3.2.0.jar;E:\Java\maven\repos\org\springframework\cloud\spring-cloud-starter-eureka\1.4.0.RELEASE\spring-cloud-starter-eureka-1.4.0.RELEASE.jar;E:\Java\maven\repos\org\springframework\cloud\spring-cloud-starter-netflix-eureka-client\2.0.2.RELEASE\spring-cloud-starter-netflix-eureka-client-2.0.2.RELEASE.jar;E:\Java\maven\repos\org\springframework\cloud\spring-cloud-starter\2.0.2.RELEASE\spring-cloud-starter-2.0.2.RELEASE.jar;E:\Java\maven\repos\org\springframework\cloud\spring-cloud-context\2.0.2.RELEASE\spring-cloud-context-2.0.2.RELEASE.jar;E:\Java\maven\repos\org\springframework\security\spring-security-crypto\5.1.4.RELEASE\spring-security-crypto-5.1.4.RELEASE.jar;E:\Java\maven\repos\org\springframework\cloud\spring-cloud-commons\2.0.2.RELEASE\spring-cloud-commons-2.0.2.RELEASE.jar;E:\Java\maven\repos\org\springframework\security\spring-security-rsa\1.0.7.RELEASE\spring-security-rsa-1.0.7.RELEASE.jar;E:\Java\maven\repos\org\bouncycastle\bcpkix-jdk15on\1.60\bcpkix-jdk15on-1.60.jar;E:\Java\maven\repos\org\bouncycastle\bcprov-jdk15on\1.60\bcprov-jdk15on-1.60.jar;E:\Java\maven\repos\org\springframework\cloud\spring-cloud-netflix-core\2.0.2.RELEASE\spring-cloud-netflix-core-2.0.2.RELEASE.jar;E:\Java\maven\repos\org\springframework\boot\spring-boot-starter-aop\2.1.3.RELEASE\spring-boot-starter-aop-2.1.3.RELEASE.jar;E:\Java\maven\repos\org\aspectj\aspectjweaver\1.9.2\aspectjweaver-1.9.2.jar;E:\Java\maven\repos\org\springframework\cloud\spring-cloud-netflix-eureka-client\2.0.2.RELEASE\spring-cloud-netflix-eureka-client-2.0.2.RELEASE.jar;E:\Java\maven\repos\com\netflix\eureka\eureka-client\1.9.3\eureka-client-1.9.3.jar;E:\Java\maven\repos\org\codehaus\jettison\jettison\1.3.7\jettison-1.3.7.jar;E:\Java\maven\repos\stax\stax-api\1.0.1\stax-api-1.0.1.jar;E:\Java\maven\repos\com\netflix\netflix-commons\netflix-eventbus\0.3.0\netflix-eventbus-0.3.0.jar;E:\Java\maven\repos\com\netflix\netflix-commons\netflix-infix\0.3.0\netflix-infix-0.3.0.jar;E:\Java\maven\repos\commons-jxpath\commons-jxpath\1.3\commons-jxpath-1.3.jar;E:\Java\maven\repos\joda-time\joda-time\2.10.1\joda-time-2.10.1.jar;E:\Java\maven\repos\org\antlr\antlr-runtime\3.4\antlr-runtime-3.4.jar;E:\Java\maven\repos\org\antlr\stringtemplate\3.2.1\stringtemplate-3.2.1.jar;E:\Java\maven\repos\antlr\antlr\2.7.7\antlr-2.7.7.jar;E:\Java\maven\repos\com\netflix\archaius\archaius-core\0.7.6\archaius-core-0.7.6.jar;E:\Java\maven\repos\javax\ws\rs\jsr311-api\1.1.1\jsr311-api-1.1.1.jar;E:\Java\maven\repos\com\netflix\servo\servo-core\0.12.21\servo-core-0.12.21.jar;E:\Java\maven\repos\com\sun\jersey\contribs\jersey-apache-client4\1.19.1\jersey-apache-client4-1.19.1.jar;E:\Java\maven\repos\org\apache\httpcomponents\httpclient\4.5.7\httpclient-4.5.7.jar;E:\Java\maven\repos\com\github\vlsi\compactmap\compactmap\1.2.1\compactmap-1.2.1.jar;E:\Java\maven\repos\com\github\andrewoma\dexx\dexx-collections\0.2\dexx-collections-0.2.jar;E:\Java\maven\repos\com\fasterxml\jackson\core\jackson-annotations\2.9.0\jackson-annotations-2.9.0.jar;E:\Java\maven\repos\com\netflix\eureka\eureka-core\1.9.3\eureka-core-1.9.3.jar;E:\Java\maven\repos\org\codehaus\woodstox\woodstox-core-asl\4.4.1\woodstox-core-asl-4.4.1.jar;E:\Java\maven\repos\javax\xml\stream\stax-api\1.0-2\stax-api-1.0-2.jar;E:\Java\maven\repos\org\codehaus\woodstox\stax2-api\3.1.4\stax2-api-3.1.4.jar;E:\Java\maven\repos\org\springframework\cloud\spring-cloud-starter-netflix-archaius\2.0.2.RELEASE\spring-cloud-starter-netflix-archaius-2.0.2.RELEASE.jar;E:\Java\maven\repos\org\springframework\cloud\spring-cloud-netflix-ribbon\2.0.2.RELEASE\spring-cloud-netflix-ribbon-2.0.2.RELEASE.jar;E:\Java\maven\repos\org\springframework\cloud\spring-cloud-netflix-archaius\2.0.2.RELEASE\spring-cloud-netflix-archaius-2.0.2.RELEASE.jar;E:\Java\maven\repos\org\springframework\cloud\spring-cloud-starter-netflix-ribbon\2.0.2.RELEASE\spring-cloud-starter-netflix-ribbon-2.0.2.RELEASE.jar;E:\Java\maven\repos\com\netflix\ribbon\ribbon\2.2.5\ribbon-2.2.5.jar;E:\Java\maven\repos\com\netflix\ribbon\ribbon-transport\2.2.5\ribbon-transport-2.2.5.jar;E:\Java\maven\repos\io\reactivex\rxnetty-contexts\0.4.9\rxnetty-contexts-0.4.9.jar;E:\Java\maven\repos\io\reactivex\rxnetty-servo\0.4.9\rxnetty-servo-0.4.9.jar;E:\Java\maven\repos\com\netflix\hystrix\hystrix-core\1.5.12\hystrix-core-1.5.12.jar;E:\Java\maven\repos\org\hdrhistogram\HdrHistogram\2.1.9\HdrHistogram-2.1.9.jar;E:\Java\maven\repos\io\reactivex\rxnetty\0.4.9\rxnetty-0.4.9.jar;E:\Java\maven\repos\com\netflix\ribbon\ribbon-core\2.2.5\ribbon-core-2.2.5.jar;E:\Java\maven\repos\com\netflix\ribbon\ribbon-httpclient\2.2.5\ribbon-httpclient-2.2.5.jar;E:\Java\maven\repos\com\netflix\netflix-commons\netflix-commons-util\0.3.0\netflix-commons-util-0.3.0.jar;E:\Java\maven\repos\com\netflix\ribbon\ribbon-loadbalancer\2.2.5\ribbon-loadbalancer-2.2.5.jar;E:\Java\maven\repos\com\netflix\netflix-commons\netflix-statistics\0.1.1\netflix-statistics-0.1.1.jar;E:\Java\maven\repos\io\reactivex\rxjava\1.3.8\rxjava-1.3.8.jar;E:\Java\maven\repos\com\netflix\ribbon\ribbon-eureka\2.2.5\ribbon-eureka-2.2.5.jar;E:\Java\maven\repos\org\springframework\boot\spring-boot-starter-web\2.1.3.RELEASE\spring-boot-starter-web-2.1.3.RELEASE.jar;E:\Java\maven\repos\org\springframework\boot\spring-boot-starter\2.1.3.RELEASE\spring-boot-starter-2.1.3.RELEASE.jar;E:\Java\maven\repos\org\springframework\boot\spring-boot\2.1.3.RELEASE\spring-boot-2.1.3.RELEASE.jar;E:\Java\maven\repos\org\springframework\boot\spring-boot-starter-logging\2.1.3.RELEASE\spring-boot-starter-logging-2.1.3.RELEASE.jar;E:\Java\maven\repos\ch\qos\logback\logback-classic\1.2.3\logback-classic-1.2.3.jar;E:\Java\maven\repos\ch\qos\logback\logback-core\1.2.3\logback-core-1.2.3.jar;E:\Java\maven\repos\org\apache\logging\log4j\log4j-to-slf4j\2.11.2\log4j-to-slf4j-2.11.2.jar;E:\Java\maven\repos\org\apache\logging\log4j\log4j-api\2.11.2\log4j-api-2.11.2.jar;E:\Java\maven\repos\javax\annotation\javax.annotation-api\1.3.2\javax.annotation-api-1.3.2.jar;E:\Java\maven\repos\org\springframework\boot\spring-boot-starter-json\2.1.3.RELEASE\spring-boot-starter-json-2.1.3.RELEASE.jar;E:\Java\maven\repos\com\fasterxml\jackson\core\jackson-databind\2.9.8\jackson-databind-2.9.8.jar;E:\Java\maven\repos\com\fasterxml\jackson\datatype\jackson-datatype-jdk8\2.9.8\jackson-datatype-jdk8-2.9.8.jar;E:\Java\maven\repos\com\fasterxml\jackson\datatype\jackson-datatype-jsr310\2.9.8\jackson-datatype-jsr310-2.9.8.jar;E:\Java\maven\repos\com\fasterxml\jackson\module\jackson-module-parameter-names\2.9.8\jackson-module-parameter-names-2.9.8.jar;E:\Java\maven\repos\org\springframework\boot\spring-boot-starter-tomcat\2.1.3.RELEASE\spring-boot-starter-tomcat-2.1.3.RELEASE.jar;E:\Java\maven\repos\org\apache\tomcat\embed\tomcat-embed-core\9.0.16\tomcat-embed-core-9.0.16.jar;E:\Java\maven\repos\org\apache\tomcat\embed\tomcat-embed-el\9.0.16\tomcat-embed-el-9.0.16.jar;E:\Java\maven\repos\org\apache\tomcat\embed\tomcat-embed-websocket\9.0.16\tomcat-embed-websocket-9.0.16.jar;E:\Java\maven\repos\org\hibernate\validator\hibernate-validator\6.0.14.Final\hibernate-validator-6.0.14.Final.jar;E:\Java\maven\repos\javax\validation\validation-api\2.0.1.Final\validation-api-2.0.1.Final.jar;E:\Java\maven\repos\org\jboss\logging\jboss-logging\3.3.2.Final\jboss-logging-3.3.2.Final.jar;E:\Java\maven\repos\com\fasterxml\classmate\1.4.0\classmate-1.4.0.jar;E:\Java\maven\repos\org\springframework\spring-web\5.1.5.RELEASE\spring-web-5.1.5.RELEASE.jar;E:\Java\maven\repos\org\springframework\spring-beans\5.1.5.RELEASE\spring-beans-5.1.5.RELEASE.jar;E:\Java\maven\repos\org\springframework\spring-webmvc\5.1.5.RELEASE\spring-webmvc-5.1.5.RELEASE.jar;E:\Java\maven\repos\org\springframework\spring-expression\5.1.5.RELEASE\spring-expression-5.1.5.RELEASE.jar;E:\Java\maven\repos\org\jpmml\pmml-evaluator\1.4.8\pmml-evaluator-1.4.8.jar;E:\Java\maven\repos\org\jpmml\pmml-model\1.4.10\pmml-model-1.4.10.jar;E:\Java\maven\repos\org\jpmml\pmml-agent\1.4.10\pmml-agent-1.4.10.jar;E:\Java\maven\repos\com\google\guava\guava\27.0-jre\guava-27.0-jre.jar;E:\Java\maven\repos\org\apache\commons\commons-math3\3.6.1\commons-math3-3.6.1.jar;E:\Java\maven\repos\com\opendecision\opendecision-pmml-common\0.0.1.SNAPSHOT\opendecision-pmml-common-0.0.1.SNAPSHOT.jar;E:\Java\maven\repos\org\jpmml\pmml-schema\1.3.9\pmml-schema-1.3.9.jar;E:\Java\maven\repos\org\jpmml\pmml-evaluator-extension\1.4.8\pmml-evaluator-extension-1.4.8.jar;E:\Java\maven\repos\org\springframework\data\spring-data-hadoop-boot\2.2.1.RELEASE\spring-data-hadoop-boot-2.2.1.RELEASE.jar;E:\Java\maven\repos\org\apache\hadoop\hadoop-yarn-common\2.7.1\hadoop-yarn-common-2.7.1.jar;E:\Java\maven\repos\org\apache\hadoop\hadoop-yarn-api\2.7.1\hadoop-yarn-api-2.7.1.jar;E:\Java\maven\repos\javax\xml\bind\jaxb-api\2.3.1\jaxb-api-2.3.1.jar;E:\Java\maven\repos\javax\activation\javax.activation-api\1.2.0\javax.activation-api-1.2.0.jar;E:\Java\maven\repos\org\apache\commons\commons-compress\1.4.1\commons-compress-1.4.1.jar;E:\Java\maven\repos\org\tukaani\xz\1.0\xz-1.0.jar;E:\Java\maven\repos\commons-lang\commons-lang\2.6\commons-lang-2.6.jar;E:\Java\maven\repos\javax\servlet\servlet-api\2.5\servlet-api-2.5.jar;E:\Java\maven\repos\commons-codec\commons-codec\1.11\commons-codec-1.11.jar;E:\Java\maven\repos\org\mortbay\jetty\jetty-util\6.1.26\jetty-util-6.1.26.jar;E:\Java\maven\repos\com\sun\jersey\jersey-core\1.19.1\jersey-core-1.19.1.jar;E:\Java\maven\repos\com\sun\jersey\jersey-client\1.19.1\jersey-client-1.19.1.jar;E:\Java\maven\repos\org\codehaus\jackson\jackson-jaxrs\1.9.13\jackson-jaxrs-1.9.13.jar;E:\Java\maven\repos\org\codehaus\jackson\jackson-xc\1.9.13\jackson-xc-1.9.13.jar;E:\Java\maven\repos\commons-logging\commons-logging\1.1.3\commons-logging-1.1.3.jar;E:\Java\maven\repos\org\apache\hadoop\hadoop-annotations\2.7.1\hadoop-annotations-2.7.1.jar;E:\Java\jdk1.8.0_65\jre\..\lib\tools.jar;E:\Java\maven\repos\com\google\inject\extensions\guice-servlet\3.0\guice-servlet-3.0.jar;E:\Java\maven\repos\com\google\protobuf\protobuf-java\2.5.0\protobuf-java-2.5.0.jar;E:\Java\maven\repos\com\google\inject\guice\3.0\guice-3.0.jar;E:\Java\maven\repos\javax\inject\javax.inject\1\javax.inject-1.jar;E:\Java\maven\repos\aopalliance\aopalliance\1.0\aopalliance-1.0.jar;E:\Java\maven\repos\com\sun\jersey\jersey-server\1.19.1\jersey-server-1.19.1.jar;E:\Java\maven\repos\com\sun\jersey\jersey-json\1.9\jersey-json-1.9.jar;E:\Java\maven\repos\com\sun\xml\bind\jaxb-impl\2.2.3-1\jaxb-impl-2.2.3-1.jar;E:\Java\maven\repos\com\sun\jersey\contribs\jersey-guice\1.9\jersey-guice-1.9.jar;E:\Java\maven\repos\org\springframework\boot\spring-boot-autoconfigure\2.1.3.RELEASE\spring-boot-autoconfigure-2.1.3.RELEASE.jar;E:\Java\maven\repos\org\springframework\spring-context-support\5.1.5.RELEASE\spring-context-support-5.1.5.RELEASE.jar;E:\Java\maven\repos\org\apache\hadoop\hadoop-hdfs\2.7.1\hadoop-hdfs-2.7.1.jar;E:\Java\maven\repos\org\mortbay\jetty\jetty\6.1.26\jetty-6.1.26.jar;E:\Java\maven\repos\commons-daemon\commons-daemon\1.0.13\commons-daemon-1.0.13.jar;E:\Java\maven\repos\xmlenc\xmlenc\0.52\xmlenc-0.52.jar;E:\Java\maven\repos\io\netty\netty-all\4.1.33.Final\netty-all-4.1.33.Final.jar;E:\Java\maven\repos\xerces\xercesImpl\2.9.1\xercesImpl-2.9.1.jar;E:\Java\maven\repos\xml-apis\xml-apis\1.4.01\xml-apis-1.4.01.jar;E:\Java\maven\repos\org\apache\htrace\htrace-core\3.1.0-incubating\htrace-core-3.1.0-incubating.jar;E:\Java\maven\repos\org\fusesource\leveldbjni\leveldbjni-all\1.8\leveldbjni-all-1.8.jar;E:\Java\maven\repos\org\apache\hadoop\hadoop-mapreduce-client-core\2.7.1\hadoop-mapreduce-client-core-2.7.1.jar;E:\Java\maven\repos\org\apache\avro\avro\1.7.4\avro-1.7.4.jar;E:\Java\maven\repos\com\thoughtworks\paranamer\paranamer\2.3\paranamer-2.3.jar;E:\Java\maven\repos\org\xerial\snappy\snappy-java\1.0.4.1\snappy-java-1.0.4.1.jar;E:\Java\maven\repos\io\netty\netty\3.6.2.Final\netty-3.6.2.Final.jar;E:\Java\maven\repos\org\apache\hadoop\hadoop-common\2.7.1\hadoop-common-2.7.1.jar;E:\Java\maven\repos\commons-httpclient\commons-httpclient\3.1\commons-httpclient-3.1.jar;E:\Java\maven\repos\commons-net\commons-net\3.1\commons-net-3.1.jar;E:\Java\maven\repos\commons-collections\commons-collections\3.2.1\commons-collections-3.2.1.jar;E:\Java\maven\repos\javax\servlet\jsp\jsp-api\2.1\jsp-api-2.1.jar;E:\Java\maven\repos\net\java\dev\jets3t\jets3t\0.9.0\jets3t-0.9.0.jar;E:\Java\maven\repos\org\apache\httpcomponents\httpcore\4.4.11\httpcore-4.4.11.jar;E:\Java\maven\repos\com\jamesmurty\utils\java-xmlbuilder\0.4\java-xmlbuilder-0.4.jar;E:\Java\maven\repos\commons-configuration\commons-configuration\1.6\commons-configuration-1.6.jar;E:\Java\maven\repos\commons-digester\commons-digester\1.8\commons-digester-1.8.jar;E:\Java\maven\repos\commons-beanutils\commons-beanutils\1.7.0\commons-beanutils-1.7.0.jar;E:\Java\maven\repos\commons-beanutils\commons-beanutils-core\1.8.0\commons-beanutils-core-1.8.0.jar;E:\Java\maven\repos\com\google\code\gson\gson\2.8.5\gson-2.8.5.jar;E:\Java\maven\repos\org\apache\hadoop\hadoop-auth\2.7.1\hadoop-auth-2.7.1.jar;E:\Java\maven\repos\org\apache\directory\server\apacheds-kerberos-codec\2.0.0-M15\apacheds-kerberos-codec-2.0.0-M15.jar;E:\Java\maven\repos\org\apache\directory\server\apacheds-i18n\2.0.0-M15\apacheds-i18n-2.0.0-M15.jar;E:\Java\maven\repos\org\apache\directory\api\api-asn1-api\1.0.0-M20\api-asn1-api-1.0.0-M20.jar;E:\Java\maven\repos\org\apache\directory\api\api-util\1.0.0-M20\api-util-1.0.0-M20.jar;E:\Java\maven\repos\org\apache\curator\curator-framework\4.0.1\curator-framework-4.0.1.jar;E:\Java\maven\repos\com\jcraft\jsch\0.1.54\jsch-0.1.54.jar;E:\Java\maven\repos\org\apache\curator\curator-client\2.7.1\curator-client-2.7.1.jar;E:\Java\maven\repos\org\apache\curator\curator-recipes\4.0.1\curator-recipes-4.0.1.jar;E:\Java\maven\repos\com\google\code\findbugs\jsr305\3.0.0\jsr305-3.0.0.jar;E:\Java\maven\repos\org\apache\zookeeper\zookeeper\3.4.6\zookeeper-3.4.6.jar;E:\Java\maven\repos\org\springframework\spring-aop\5.1.5.RELEASE\spring-aop-5.1.5.RELEASE.jar;E:\Java\maven\repos\org\springframework\spring-context\5.1.5.RELEASE\spring-context-5.1.5.RELEASE.jar;E:\Java\maven\repos\org\yaml\snakeyaml\1.23\snakeyaml-1.23.jar;E:\Java\maven\repos\org\apache\hadoop\hadoop-streaming\2.7.1\hadoop-streaming-2.7.1.jar;E:\Java\maven\repos\org\springframework\data\spring-data-hadoop\2.2.1.RELEASE\spring-data-hadoop-2.2.1.RELEASE.jar;E:\Java\maven\repos\org\springframework\data\spring-data-hadoop-hive\2.2.1.RELEASE\spring-data-hadoop-hive-2.2.1.RELEASE.jar;E:\Java\maven\repos\org\springframework\batch\spring-batch-core\4.1.1.RELEASE\spring-batch-core-4.1.1.RELEASE.jar;E:\Java\maven\repos\javax\batch\javax.batch-api\1.0\javax.batch-api-1.0.jar;E:\Java\maven\repos\org\springframework\batch\spring-batch-infrastructure\4.1.1.RELEASE\spring-batch-infrastructure-4.1.1.RELEASE.jar;E:\Java\maven\repos\org\springframework\retry\spring-retry\1.2.4.RELEASE\spring-retry-1.2.4.RELEASE.jar;E:\Java\maven\repos\org\springframework\spring-jdbc\5.1.5.RELEASE\spring-jdbc-5.1.5.RELEASE.jar;E:\Java\maven\repos\org\springframework\spring-tx\5.1.5.RELEASE\spring-tx-5.1.5.RELEASE.jar;E:\Java\maven\repos\org\springframework\data\spring-data-hadoop-batch\2.2.1.RELEASE\spring-data-hadoop-batch-2.2.1.RELEASE.jar;E:\Java\maven\repos\org\springframework\data\spring-data-hadoop-hbase\2.2.1.RELEASE\spring-data-hadoop-hbase-2.2.1.RELEASE.jar;E:\Java\maven\repos\org\springframework\data\spring-data-hadoop-core\2.2.1.RELEASE\spring-data-hadoop-core-2.2.1.RELEASE.jar;E:\Java\maven\repos\org\springframework\data\spring-data-hadoop-pig\2.2.1.RELEASE\spring-data-hadoop-pig-2.2.1.RELEASE.jar;E:\Java\maven\repos\org\apache\hadoop\hadoop-distcp\2.7.1\hadoop-distcp-2.7.1.jar;E:\Java\maven\repos\org\apache\hadoop\hadoop-mapreduce-client-jobclient\2.7.1\hadoop-mapreduce-client-jobclient-2.7.1.jar;E:\Java\maven\repos\org\apache\hadoop\hadoop-mapreduce-client-common\2.7.1\hadoop-mapreduce-client-common-2.7.1.jar;E:\Java\maven\repos\org\apache\hadoop\hadoop-yarn-client\2.7.1\hadoop-yarn-client-2.7.1.jar;E:\Java\maven\repos\org\apache\hadoop\hadoop-yarn-server-common\2.7.1\hadoop-yarn-server-common-2.7.1.jar;E:\Java\maven\repos\org\apache\hadoop\hadoop-mapreduce-client-shuffle\2.7.1\hadoop-mapreduce-client-shuffle-2.7.1.jar;E:\Java\maven\repos\org\apache\hadoop\hadoop-yarn-server-nodemanager\2.7.1\hadoop-yarn-server-nodemanager-2.7.1.jar;E:\Java\maven\repos\org\springframework\boot\spring-boot-starter-log4j\1.3.8.RELEASE\spring-boot-starter-log4j-1.3.8.RELEASE.jar;E:\Java\maven\repos\org\slf4j\jcl-over-slf4j\1.7.25\jcl-over-slf4j-1.7.25.jar;E:\Java\maven\repos\org\slf4j\jul-to-slf4j\1.7.25\jul-to-slf4j-1.7.25.jar;E:\Java\maven\repos\log4j\log4j\1.2.17\log4j-1.2.17.jar;E:\Java\maven\repos\mysql\mysql-connector-java\5.1.46\mysql-connector-java-5.1.46.jar;E:\Java\maven\repos\com\alibaba\druid-spring-boot-starter\1.1.10\druid-spring-boot-starter-1.1.10.jar;E:\Java\maven\repos\com\alibaba\druid\1.1.10\druid-1.1.10.jar;E:\Java\maven\repos\org\slf4j\slf4j-api\1.7.25\slf4j-api-1.7.25.jar;E:\Java\maven\repos\org\apache\mahout\mahout-hdfs\0.13.0\mahout-hdfs-0.13.0.jar;E:\Java\maven\repos\org\apache\mahout\mahout-math\0.13.0\mahout-math-0.13.0.jar;E:\Java\maven\repos\it\unimi\dsi\fastutil\7.0.12\fastutil-7.0.12.jar;E:\Java\maven\repos\com\tdunning\t-digest\3.1\t-digest-3.1.jar;E:\Java\maven\repos\org\apache\hadoop\hadoop-client\2.4.1\hadoop-client-2.4.1.jar;E:\Java\maven\repos\org\apache\hadoop\hadoop-mapreduce-client-app\2.4.1\hadoop-mapreduce-client-app-2.4.1.jar;E:\Java\maven\repos\org\slf4j\slf4j-log4j12\1.7.25\slf4j-log4j12-1.7.25.jar;E:\Java\maven\repos\com\fasterxml\jackson\core\jackson-core\2.9.8\jackson-core-2.9.8.jar;E:\Java\maven\repos\commons-cli\commons-cli\1.2\commons-cli-1.2.jar;E:\Java\maven\repos\com\thoughtworks\xstream\xstream\1.4.10\xstream-1.4.10.jar;E:\Java\maven\repos\xmlpull\xmlpull\1.1.3.1\xmlpull-1.1.3.1.jar;E:\Java\maven\repos\xpp3\xpp3_min\1.1.4c\xpp3_min-1.1.4c.jar;E:\Java\maven\repos\org\apache\lucene\lucene-core\5.5.2\lucene-core-5.5.2.jar;E:\Java\maven\repos\org\apache\lucene\lucene-analyzers-common\5.5.2\lucene-analyzers-common-5.5.2.jar;E:\Java\maven\repos\org\apache\mahout\commons\commons-cli\2.0-mahout\commons-cli-2.0-mahout.jar;E:\Java\maven\repos\org\apache\solr\solr-commons-csv\3.5.0\solr-commons-csv-3.5.0.jar;E:\Java\maven\repos\org\apache\mahout\mahout-core\0.9\mahout-core-0.9.jar;E:\Java\maven\repos\org\codehaus\jackson\jackson-core-asl\1.9.12\jackson-core-asl-1.9.12.jar;E:\Java\maven\repos\org\codehaus\jackson\jackson-mapper-asl\1.9.12\jackson-mapper-asl-1.9.12.jar;E:\Java\maven\repos\org\apache\hadoop\hadoop-core\1.2.1\hadoop-core-1.2.1.jar;E:\Java\maven\repos\org\apache\commons\commons-math\2.1\commons-math-2.1.jar;E:\Java\maven\repos\commons-el\commons-el\1.0\commons-el-1.0.jar;E:\Java\maven\repos\org\springframework\boot\spring-boot-starter-test\2.1.3.RELEASE\spring-boot-starter-test-2.1.3.RELEASE.jar;E:\Java\maven\repos\org\springframework\boot\spring-boot-test\2.1.3.RELEASE\spring-boot-test-2.1.3.RELEASE.jar;E:\Java\maven\repos\org\springframework\boot\spring-boot-test-autoconfigure\2.1.3.RELEASE\spring-boot-test-autoconfigure-2.1.3.RELEASE.jar;E:\Java\maven\repos\com\jayway\jsonpath\json-path\2.4.0\json-path-2.4.0.jar;E:\Java\maven\repos\net\minidev\json-smart\2.3\json-smart-2.3.jar;E:\Java\maven\repos\net\minidev\accessors-smart\1.2\accessors-smart-1.2.jar;E:\Java\maven\repos\org\ow2\asm\asm\5.0.4\asm-5.0.4.jar;E:\Java\maven\repos\junit\junit\4.12\junit-4.12.jar;E:\Java\maven\repos\org\assertj\assertj-core\3.11.1\assertj-core-3.11.1.jar;E:\Java\maven\repos\org\mockito\mockito-core\2.23.4\mockito-core-2.23.4.jar;E:\Java\maven\repos\net\bytebuddy\byte-buddy\1.9.10\byte-buddy-1.9.10.jar;E:\Java\maven\repos\net\bytebuddy\byte-buddy-agent\1.9.10\byte-buddy-agent-1.9.10.jar;E:\Java\maven\repos\org\objenesis\objenesis\2.6\objenesis-2.6.jar;E:\Java\maven\repos\org\hamcrest\hamcrest-core\1.3\hamcrest-core-1.3.jar;E:\Java\maven\repos\org\hamcrest\hamcrest-library\1.3\hamcrest-library-1.3.jar;E:\Java\maven\repos\org\skyscreamer\jsonassert\1.5.0\jsonassert-1.5.0.jar;E:\Java\maven\repos\com\vaadin\external\google\android-json\0.0.20131108.vaadin1\android-json-0.0.20131108.vaadin1.jar;E:\Java\maven\repos\org\springframework\spring-core\5.1.5.RELEASE\spring-core-5.1.5.RELEASE.jar;E:\Java\maven\repos\org\springframework\spring-jcl\5.1.5.RELEASE\spring-jcl-5.1.5.RELEASE.jar;E:\Java\maven\repos\org\springframework\spring-test\5.1.5.RELEASE\spring-test-5.1.5.RELEASE.jar;E:\Java\maven\repos\org\xmlunit\xmlunit-core\2.6.2\xmlunit-core-2.6.2.jar;"/>
    <property name="java.vm.vendor" value="Oracle Corporation"/>
    <property name="sun.arch.data.model" value="64"/>
    <property name="user.variant" value=""/>
    <property name="java.vendor.url" value="http://java.oracle.com/"/>
    <property name="user.timezone" value="Asia/Shanghai"/>
    <property name="java.vm.specification.version" value="1.8"/>
    <property name="os.name" value="Windows 10"/>
    <property name="user.country" value="CN"/>
    <property name="sun.java.launcher" value="SUN_STANDARD"/>
    <property name="sun.boot.library.path" value="E:\Java\jdk1.8.0_65\jre\bin"/>
    <property name="sun.java.command" value="C:\Users\opend\AppData\Local\Temp\surefire4121432929326298541\surefirebooter4896775661216016512.jar C:\Users\opend\AppData\Local\Temp\surefire4121432929326298541 2019-08-25T01-17-13_655-jvmRun1 surefire1331651064564151721tmp surefire_06009002204828047292tmp"/>
    <property name="surefire.test.class.path" value="E:\github\lihongjie\OpenDecision\opendecision\modeler-management\target\test-classes;E:\github\lihongjie\OpenDecision\opendecision\modeler-management\target\classes;E:\Java\maven\repos\com\opendecision\opendecision-core\0.0.1.SNAPSHOT\opendecision-core-0.0.1.SNAPSHOT.jar;E:\Java\maven\repos\org\apache\commons\commons-collections4\4.1\commons-collections4-4.1.jar;E:\Java\maven\repos\org\apache\commons\commons-lang3\3.8.1\commons-lang3-3.8.1.jar;E:\Java\maven\repos\commons-io\commons-io\2.6\commons-io-2.6.jar;E:\Java\maven\repos\com\opendecision\mybatis-mapper\0.0.1.SNAPSHOT\mybatis-mapper-0.0.1.SNAPSHOT.jar;E:\Java\maven\repos\com\baomidou\mybatis-plus-boot-starter\3.1.1\mybatis-plus-boot-starter-3.1.1.jar;E:\Java\maven\repos\com\baomidou\mybatis-plus\3.1.1\mybatis-plus-3.1.1.jar;E:\Java\maven\repos\com\baomidou\mybatis-plus-extension\3.1.1\mybatis-plus-extension-3.1.1.jar;E:\Java\maven\repos\com\baomidou\mybatis-plus-core\3.1.1\mybatis-plus-core-3.1.1.jar;E:\Java\maven\repos\com\baomidou\mybatis-plus-annotation\3.1.1\mybatis-plus-annotation-3.1.1.jar;E:\Java\maven\repos\com\github\jsqlparser\jsqlparser\1.2\jsqlparser-1.2.jar;E:\Java\maven\repos\org\mybatis\mybatis\3.5.1\mybatis-3.5.1.jar;E:\Java\maven\repos\org\mybatis\mybatis-spring\2.0.1\mybatis-spring-2.0.1.jar;E:\Java\maven\repos\org\springframework\boot\spring-boot-starter-jdbc\2.1.3.RELEASE\spring-boot-starter-jdbc-2.1.3.RELEASE.jar;E:\Java\maven\repos\com\zaxxer\HikariCP\3.2.0\HikariCP-3.2.0.jar;E:\Java\maven\repos\org\springframework\cloud\spring-cloud-starter-eureka\1.4.0.RELEASE\spring-cloud-starter-eureka-1.4.0.RELEASE.jar;E:\Java\maven\repos\org\springframework\cloud\spring-cloud-starter-netflix-eureka-client\2.0.2.RELEASE\spring-cloud-starter-netflix-eureka-client-2.0.2.RELEASE.jar;E:\Java\maven\repos\org\springframework\cloud\spring-cloud-starter\2.0.2.RELEASE\spring-cloud-starter-2.0.2.RELEASE.jar;E:\Java\maven\repos\org\springframework\cloud\spring-cloud-context\2.0.2.RELEASE\spring-cloud-context-2.0.2.RELEASE.jar;E:\Java\maven\repos\org\springframework\security\spring-security-crypto\5.1.4.RELEASE\spring-security-crypto-5.1.4.RELEASE.jar;E:\Java\maven\repos\org\springframework\cloud\spring-cloud-commons\2.0.2.RELEASE\spring-cloud-commons-2.0.2.RELEASE.jar;E:\Java\maven\repos\org\springframework\security\spring-security-rsa\1.0.7.RELEASE\spring-security-rsa-1.0.7.RELEASE.jar;E:\Java\maven\repos\org\bouncycastle\bcpkix-jdk15on\1.60\bcpkix-jdk15on-1.60.jar;E:\Java\maven\repos\org\bouncycastle\bcprov-jdk15on\1.60\bcprov-jdk15on-1.60.jar;E:\Java\maven\repos\org\springframework\cloud\spring-cloud-netflix-core\2.0.2.RELEASE\spring-cloud-netflix-core-2.0.2.RELEASE.jar;E:\Java\maven\repos\org\springframework\boot\spring-boot-starter-aop\2.1.3.RELEASE\spring-boot-starter-aop-2.1.3.RELEASE.jar;E:\Java\maven\repos\org\aspectj\aspectjweaver\1.9.2\aspectjweaver-1.9.2.jar;E:\Java\maven\repos\org\springframework\cloud\spring-cloud-netflix-eureka-client\2.0.2.RELEASE\spring-cloud-netflix-eureka-client-2.0.2.RELEASE.jar;E:\Java\maven\repos\com\netflix\eureka\eureka-client\1.9.3\eureka-client-1.9.3.jar;E:\Java\maven\repos\org\codehaus\jettison\jettison\1.3.7\jettison-1.3.7.jar;E:\Java\maven\repos\stax\stax-api\1.0.1\stax-api-1.0.1.jar;E:\Java\maven\repos\com\netflix\netflix-commons\netflix-eventbus\0.3.0\netflix-eventbus-0.3.0.jar;E:\Java\maven\repos\com\netflix\netflix-commons\netflix-infix\0.3.0\netflix-infix-0.3.0.jar;E:\Java\maven\repos\commons-jxpath\commons-jxpath\1.3\commons-jxpath-1.3.jar;E:\Java\maven\repos\joda-time\joda-time\2.10.1\joda-time-2.10.1.jar;E:\Java\maven\repos\org\antlr\antlr-runtime\3.4\antlr-runtime-3.4.jar;E:\Java\maven\repos\org\antlr\stringtemplate\3.2.1\stringtemplate-3.2.1.jar;E:\Java\maven\repos\antlr\antlr\2.7.7\antlr-2.7.7.jar;E:\Java\maven\repos\com\netflix\archaius\archaius-core\0.7.6\archaius-core-0.7.6.jar;E:\Java\maven\repos\javax\ws\rs\jsr311-api\1.1.1\jsr311-api-1.1.1.jar;E:\Java\maven\repos\com\netflix\servo\servo-core\0.12.21\servo-core-0.12.21.jar;E:\Java\maven\repos\com\sun\jersey\contribs\jersey-apache-client4\1.19.1\jersey-apache-client4-1.19.1.jar;E:\Java\maven\repos\org\apache\httpcomponents\httpclient\4.5.7\httpclient-4.5.7.jar;E:\Java\maven\repos\com\github\vlsi\compactmap\compactmap\1.2.1\compactmap-1.2.1.jar;E:\Java\maven\repos\com\github\andrewoma\dexx\dexx-collections\0.2\dexx-collections-0.2.jar;E:\Java\maven\repos\com\fasterxml\jackson\core\jackson-annotations\2.9.0\jackson-annotations-2.9.0.jar;E:\Java\maven\repos\com\netflix\eureka\eureka-core\1.9.3\eureka-core-1.9.3.jar;E:\Java\maven\repos\org\codehaus\woodstox\woodstox-core-asl\4.4.1\woodstox-core-asl-4.4.1.jar;E:\Java\maven\repos\javax\xml\stream\stax-api\1.0-2\stax-api-1.0-2.jar;E:\Java\maven\repos\org\codehaus\woodstox\stax2-api\3.1.4\stax2-api-3.1.4.jar;E:\Java\maven\repos\org\springframework\cloud\spring-cloud-starter-netflix-archaius\2.0.2.RELEASE\spring-cloud-starter-netflix-archaius-2.0.2.RELEASE.jar;E:\Java\maven\repos\org\springframework\cloud\spring-cloud-netflix-ribbon\2.0.2.RELEASE\spring-cloud-netflix-ribbon-2.0.2.RELEASE.jar;E:\Java\maven\repos\org\springframework\cloud\spring-cloud-netflix-archaius\2.0.2.RELEASE\spring-cloud-netflix-archaius-2.0.2.RELEASE.jar;E:\Java\maven\repos\org\springframework\cloud\spring-cloud-starter-netflix-ribbon\2.0.2.RELEASE\spring-cloud-starter-netflix-ribbon-2.0.2.RELEASE.jar;E:\Java\maven\repos\com\netflix\ribbon\ribbon\2.2.5\ribbon-2.2.5.jar;E:\Java\maven\repos\com\netflix\ribbon\ribbon-transport\2.2.5\ribbon-transport-2.2.5.jar;E:\Java\maven\repos\io\reactivex\rxnetty-contexts\0.4.9\rxnetty-contexts-0.4.9.jar;E:\Java\maven\repos\io\reactivex\rxnetty-servo\0.4.9\rxnetty-servo-0.4.9.jar;E:\Java\maven\repos\com\netflix\hystrix\hystrix-core\1.5.12\hystrix-core-1.5.12.jar;E:\Java\maven\repos\org\hdrhistogram\HdrHistogram\2.1.9\HdrHistogram-2.1.9.jar;E:\Java\maven\repos\io\reactivex\rxnetty\0.4.9\rxnetty-0.4.9.jar;E:\Java\maven\repos\com\netflix\ribbon\ribbon-core\2.2.5\ribbon-core-2.2.5.jar;E:\Java\maven\repos\com\netflix\ribbon\ribbon-httpclient\2.2.5\ribbon-httpclient-2.2.5.jar;E:\Java\maven\repos\com\netflix\netflix-commons\netflix-commons-util\0.3.0\netflix-commons-util-0.3.0.jar;E:\Java\maven\repos\com\netflix\ribbon\ribbon-loadbalancer\2.2.5\ribbon-loadbalancer-2.2.5.jar;E:\Java\maven\repos\com\netflix\netflix-commons\netflix-statistics\0.1.1\netflix-statistics-0.1.1.jar;E:\Java\maven\repos\io\reactivex\rxjava\1.3.8\rxjava-1.3.8.jar;E:\Java\maven\repos\com\netflix\ribbon\ribbon-eureka\2.2.5\ribbon-eureka-2.2.5.jar;E:\Java\maven\repos\org\springframework\boot\spring-boot-starter-web\2.1.3.RELEASE\spring-boot-starter-web-2.1.3.RELEASE.jar;E:\Java\maven\repos\org\springframework\boot\spring-boot-starter\2.1.3.RELEASE\spring-boot-starter-2.1.3.RELEASE.jar;E:\Java\maven\repos\org\springframework\boot\spring-boot\2.1.3.RELEASE\spring-boot-2.1.3.RELEASE.jar;E:\Java\maven\repos\org\springframework\boot\spring-boot-starter-logging\2.1.3.RELEASE\spring-boot-starter-logging-2.1.3.RELEASE.jar;E:\Java\maven\repos\ch\qos\logback\logback-classic\1.2.3\logback-classic-1.2.3.jar;E:\Java\maven\repos\ch\qos\logback\logback-core\1.2.3\logback-core-1.2.3.jar;E:\Java\maven\repos\org\apache\logging\log4j\log4j-to-slf4j\2.11.2\log4j-to-slf4j-2.11.2.jar;E:\Java\maven\repos\org\apache\logging\log4j\log4j-api\2.11.2\log4j-api-2.11.2.jar;E:\Java\maven\repos\javax\annotation\javax.annotation-api\1.3.2\javax.annotation-api-1.3.2.jar;E:\Java\maven\repos\org\springframework\boot\spring-boot-starter-json\2.1.3.RELEASE\spring-boot-starter-json-2.1.3.RELEASE.jar;E:\Java\maven\repos\com\fasterxml\jackson\core\jackson-databind\2.9.8\jackson-databind-2.9.8.jar;E:\Java\maven\repos\com\fasterxml\jackson\datatype\jackson-datatype-jdk8\2.9.8\jackson-datatype-jdk8-2.9.8.jar;E:\Java\maven\repos\com\fasterxml\jackson\datatype\jackson-datatype-jsr310\2.9.8\jackson-datatype-jsr310-2.9.8.jar;E:\Java\maven\repos\com\fasterxml\jackson\module\jackson-module-parameter-names\2.9.8\jackson-module-parameter-names-2.9.8.jar;E:\Java\maven\repos\org\springframework\boot\spring-boot-starter-tomcat\2.1.3.RELEASE\spring-boot-starter-tomcat-2.1.3.RELEASE.jar;E:\Java\maven\repos\org\apache\tomcat\embed\tomcat-embed-core\9.0.16\tomcat-embed-core-9.0.16.jar;E:\Java\maven\repos\org\apache\tomcat\embed\tomcat-embed-el\9.0.16\tomcat-embed-el-9.0.16.jar;E:\Java\maven\repos\org\apache\tomcat\embed\tomcat-embed-websocket\9.0.16\tomcat-embed-websocket-9.0.16.jar;E:\Java\maven\repos\org\hibernate\validator\hibernate-validator\6.0.14.Final\hibernate-validator-6.0.14.Final.jar;E:\Java\maven\repos\javax\validation\validation-api\2.0.1.Final\validation-api-2.0.1.Final.jar;E:\Java\maven\repos\org\jboss\logging\jboss-logging\3.3.2.Final\jboss-logging-3.3.2.Final.jar;E:\Java\maven\repos\com\fasterxml\classmate\1.4.0\classmate-1.4.0.jar;E:\Java\maven\repos\org\springframework\spring-web\5.1.5.RELEASE\spring-web-5.1.5.RELEASE.jar;E:\Java\maven\repos\org\springframework\spring-beans\5.1.5.RELEASE\spring-beans-5.1.5.RELEASE.jar;E:\Java\maven\repos\org\springframework\spring-webmvc\5.1.5.RELEASE\spring-webmvc-5.1.5.RELEASE.jar;E:\Java\maven\repos\org\springframework\spring-expression\5.1.5.RELEASE\spring-expression-5.1.5.RELEASE.jar;E:\Java\maven\repos\org\jpmml\pmml-evaluator\1.4.8\pmml-evaluator-1.4.8.jar;E:\Java\maven\repos\org\jpmml\pmml-model\1.4.10\pmml-model-1.4.10.jar;E:\Java\maven\repos\org\jpmml\pmml-agent\1.4.10\pmml-agent-1.4.10.jar;E:\Java\maven\repos\com\google\guava\guava\27.0-jre\guava-27.0-jre.jar;E:\Java\maven\repos\org\apache\commons\commons-math3\3.6.1\commons-math3-3.6.1.jar;E:\Java\maven\repos\com\opendecision\opendecision-pmml-common\0.0.1.SNAPSHOT\opendecision-pmml-common-0.0.1.SNAPSHOT.jar;E:\Java\maven\repos\org\jpmml\pmml-schema\1.3.9\pmml-schema-1.3.9.jar;E:\Java\maven\repos\org\jpmml\pmml-evaluator-extension\1.4.8\pmml-evaluator-extension-1.4.8.jar;E:\Java\maven\repos\org\springframework\data\spring-data-hadoop-boot\2.2.1.RELEASE\spring-data-hadoop-boot-2.2.1.RELEASE.jar;E:\Java\maven\repos\org\apache\hadoop\hadoop-yarn-common\2.7.1\hadoop-yarn-common-2.7.1.jar;E:\Java\maven\repos\org\apache\hadoop\hadoop-yarn-api\2.7.1\hadoop-yarn-api-2.7.1.jar;E:\Java\maven\repos\javax\xml\bind\jaxb-api\2.3.1\jaxb-api-2.3.1.jar;E:\Java\maven\repos\javax\activation\javax.activation-api\1.2.0\javax.activation-api-1.2.0.jar;E:\Java\maven\repos\org\apache\commons\commons-compress\1.4.1\commons-compress-1.4.1.jar;E:\Java\maven\repos\org\tukaani\xz\1.0\xz-1.0.jar;E:\Java\maven\repos\commons-lang\commons-lang\2.6\commons-lang-2.6.jar;E:\Java\maven\repos\javax\servlet\servlet-api\2.5\servlet-api-2.5.jar;E:\Java\maven\repos\commons-codec\commons-codec\1.11\commons-codec-1.11.jar;E:\Java\maven\repos\org\mortbay\jetty\jetty-util\6.1.26\jetty-util-6.1.26.jar;E:\Java\maven\repos\com\sun\jersey\jersey-core\1.19.1\jersey-core-1.19.1.jar;E:\Java\maven\repos\com\sun\jersey\jersey-client\1.19.1\jersey-client-1.19.1.jar;E:\Java\maven\repos\org\codehaus\jackson\jackson-jaxrs\1.9.13\jackson-jaxrs-1.9.13.jar;E:\Java\maven\repos\org\codehaus\jackson\jackson-xc\1.9.13\jackson-xc-1.9.13.jar;E:\Java\maven\repos\commons-logging\commons-logging\1.1.3\commons-logging-1.1.3.jar;E:\Java\maven\repos\org\apache\hadoop\hadoop-annotations\2.7.1\hadoop-annotations-2.7.1.jar;E:\Java\jdk1.8.0_65\jre\..\lib\tools.jar;E:\Java\maven\repos\com\google\inject\extensions\guice-servlet\3.0\guice-servlet-3.0.jar;E:\Java\maven\repos\com\google\protobuf\protobuf-java\2.5.0\protobuf-java-2.5.0.jar;E:\Java\maven\repos\com\google\inject\guice\3.0\guice-3.0.jar;E:\Java\maven\repos\javax\inject\javax.inject\1\javax.inject-1.jar;E:\Java\maven\repos\aopalliance\aopalliance\1.0\aopalliance-1.0.jar;E:\Java\maven\repos\com\sun\jersey\jersey-server\1.19.1\jersey-server-1.19.1.jar;E:\Java\maven\repos\com\sun\jersey\jersey-json\1.9\jersey-json-1.9.jar;E:\Java\maven\repos\com\sun\xml\bind\jaxb-impl\2.2.3-1\jaxb-impl-2.2.3-1.jar;E:\Java\maven\repos\com\sun\jersey\contribs\jersey-guice\1.9\jersey-guice-1.9.jar;E:\Java\maven\repos\org\springframework\boot\spring-boot-autoconfigure\2.1.3.RELEASE\spring-boot-autoconfigure-2.1.3.RELEASE.jar;E:\Java\maven\repos\org\springframework\spring-context-support\5.1.5.RELEASE\spring-context-support-5.1.5.RELEASE.jar;E:\Java\maven\repos\org\apache\hadoop\hadoop-hdfs\2.7.1\hadoop-hdfs-2.7.1.jar;E:\Java\maven\repos\org\mortbay\jetty\jetty\6.1.26\jetty-6.1.26.jar;E:\Java\maven\repos\commons-daemon\commons-daemon\1.0.13\commons-daemon-1.0.13.jar;E:\Java\maven\repos\xmlenc\xmlenc\0.52\xmlenc-0.52.jar;E:\Java\maven\repos\io\netty\netty-all\4.1.33.Final\netty-all-4.1.33.Final.jar;E:\Java\maven\repos\xerces\xercesImpl\2.9.1\xercesImpl-2.9.1.jar;E:\Java\maven\repos\xml-apis\xml-apis\1.4.01\xml-apis-1.4.01.jar;E:\Java\maven\repos\org\apache\htrace\htrace-core\3.1.0-incubating\htrace-core-3.1.0-incubating.jar;E:\Java\maven\repos\org\fusesource\leveldbjni\leveldbjni-all\1.8\leveldbjni-all-1.8.jar;E:\Java\maven\repos\org\apache\hadoop\hadoop-mapreduce-client-core\2.7.1\hadoop-mapreduce-client-core-2.7.1.jar;E:\Java\maven\repos\org\apache\avro\avro\1.7.4\avro-1.7.4.jar;E:\Java\maven\repos\com\thoughtworks\paranamer\paranamer\2.3\paranamer-2.3.jar;E:\Java\maven\repos\org\xerial\snappy\snappy-java\1.0.4.1\snappy-java-1.0.4.1.jar;E:\Java\maven\repos\io\netty\netty\3.6.2.Final\netty-3.6.2.Final.jar;E:\Java\maven\repos\org\apache\hadoop\hadoop-common\2.7.1\hadoop-common-2.7.1.jar;E:\Java\maven\repos\commons-httpclient\commons-httpclient\3.1\commons-httpclient-3.1.jar;E:\Java\maven\repos\commons-net\commons-net\3.1\commons-net-3.1.jar;E:\Java\maven\repos\commons-collections\commons-collections\3.2.1\commons-collections-3.2.1.jar;E:\Java\maven\repos\javax\servlet\jsp\jsp-api\2.1\jsp-api-2.1.jar;E:\Java\maven\repos\net\java\dev\jets3t\jets3t\0.9.0\jets3t-0.9.0.jar;E:\Java\maven\repos\org\apache\httpcomponents\httpcore\4.4.11\httpcore-4.4.11.jar;E:\Java\maven\repos\com\jamesmurty\utils\java-xmlbuilder\0.4\java-xmlbuilder-0.4.jar;E:\Java\maven\repos\commons-configuration\commons-configuration\1.6\commons-configuration-1.6.jar;E:\Java\maven\repos\commons-digester\commons-digester\1.8\commons-digester-1.8.jar;E:\Java\maven\repos\commons-beanutils\commons-beanutils\1.7.0\commons-beanutils-1.7.0.jar;E:\Java\maven\repos\commons-beanutils\commons-beanutils-core\1.8.0\commons-beanutils-core-1.8.0.jar;E:\Java\maven\repos\com\google\code\gson\gson\2.8.5\gson-2.8.5.jar;E:\Java\maven\repos\org\apache\hadoop\hadoop-auth\2.7.1\hadoop-auth-2.7.1.jar;E:\Java\maven\repos\org\apache\directory\server\apacheds-kerberos-codec\2.0.0-M15\apacheds-kerberos-codec-2.0.0-M15.jar;E:\Java\maven\repos\org\apache\directory\server\apacheds-i18n\2.0.0-M15\apacheds-i18n-2.0.0-M15.jar;E:\Java\maven\repos\org\apache\directory\api\api-asn1-api\1.0.0-M20\api-asn1-api-1.0.0-M20.jar;E:\Java\maven\repos\org\apache\directory\api\api-util\1.0.0-M20\api-util-1.0.0-M20.jar;E:\Java\maven\repos\org\apache\curator\curator-framework\4.0.1\curator-framework-4.0.1.jar;E:\Java\maven\repos\com\jcraft\jsch\0.1.54\jsch-0.1.54.jar;E:\Java\maven\repos\org\apache\curator\curator-client\2.7.1\curator-client-2.7.1.jar;E:\Java\maven\repos\org\apache\curator\curator-recipes\4.0.1\curator-recipes-4.0.1.jar;E:\Java\maven\repos\com\google\code\findbugs\jsr305\3.0.0\jsr305-3.0.0.jar;E:\Java\maven\repos\org\apache\zookeeper\zookeeper\3.4.6\zookeeper-3.4.6.jar;E:\Java\maven\repos\org\springframework\spring-aop\5.1.5.RELEASE\spring-aop-5.1.5.RELEASE.jar;E:\Java\maven\repos\org\springframework\spring-context\5.1.5.RELEASE\spring-context-5.1.5.RELEASE.jar;E:\Java\maven\repos\org\yaml\snakeyaml\1.23\snakeyaml-1.23.jar;E:\Java\maven\repos\org\apache\hadoop\hadoop-streaming\2.7.1\hadoop-streaming-2.7.1.jar;E:\Java\maven\repos\org\springframework\data\spring-data-hadoop\2.2.1.RELEASE\spring-data-hadoop-2.2.1.RELEASE.jar;E:\Java\maven\repos\org\springframework\data\spring-data-hadoop-hive\2.2.1.RELEASE\spring-data-hadoop-hive-2.2.1.RELEASE.jar;E:\Java\maven\repos\org\springframework\batch\spring-batch-core\4.1.1.RELEASE\spring-batch-core-4.1.1.RELEASE.jar;E:\Java\maven\repos\javax\batch\javax.batch-api\1.0\javax.batch-api-1.0.jar;E:\Java\maven\repos\org\springframework\batch\spring-batch-infrastructure\4.1.1.RELEASE\spring-batch-infrastructure-4.1.1.RELEASE.jar;E:\Java\maven\repos\org\springframework\retry\spring-retry\1.2.4.RELEASE\spring-retry-1.2.4.RELEASE.jar;E:\Java\maven\repos\org\springframework\spring-jdbc\5.1.5.RELEASE\spring-jdbc-5.1.5.RELEASE.jar;E:\Java\maven\repos\org\springframework\spring-tx\5.1.5.RELEASE\spring-tx-5.1.5.RELEASE.jar;E:\Java\maven\repos\org\springframework\data\spring-data-hadoop-batch\2.2.1.RELEASE\spring-data-hadoop-batch-2.2.1.RELEASE.jar;E:\Java\maven\repos\org\springframework\data\spring-data-hadoop-hbase\2.2.1.RELEASE\spring-data-hadoop-hbase-2.2.1.RELEASE.jar;E:\Java\maven\repos\org\springframework\data\spring-data-hadoop-core\2.2.1.RELEASE\spring-data-hadoop-core-2.2.1.RELEASE.jar;E:\Java\maven\repos\org\springframework\data\spring-data-hadoop-pig\2.2.1.RELEASE\spring-data-hadoop-pig-2.2.1.RELEASE.jar;E:\Java\maven\repos\org\apache\hadoop\hadoop-distcp\2.7.1\hadoop-distcp-2.7.1.jar;E:\Java\maven\repos\org\apache\hadoop\hadoop-mapreduce-client-jobclient\2.7.1\hadoop-mapreduce-client-jobclient-2.7.1.jar;E:\Java\maven\repos\org\apache\hadoop\hadoop-mapreduce-client-common\2.7.1\hadoop-mapreduce-client-common-2.7.1.jar;E:\Java\maven\repos\org\apache\hadoop\hadoop-yarn-client\2.7.1\hadoop-yarn-client-2.7.1.jar;E:\Java\maven\repos\org\apache\hadoop\hadoop-yarn-server-common\2.7.1\hadoop-yarn-server-common-2.7.1.jar;E:\Java\maven\repos\org\apache\hadoop\hadoop-mapreduce-client-shuffle\2.7.1\hadoop-mapreduce-client-shuffle-2.7.1.jar;E:\Java\maven\repos\org\apache\hadoop\hadoop-yarn-server-nodemanager\2.7.1\hadoop-yarn-server-nodemanager-2.7.1.jar;E:\Java\maven\repos\org\springframework\boot\spring-boot-starter-log4j\1.3.8.RELEASE\spring-boot-starter-log4j-1.3.8.RELEASE.jar;E:\Java\maven\repos\org\slf4j\jcl-over-slf4j\1.7.25\jcl-over-slf4j-1.7.25.jar;E:\Java\maven\repos\org\slf4j\jul-to-slf4j\1.7.25\jul-to-slf4j-1.7.25.jar;E:\Java\maven\repos\log4j\log4j\1.2.17\log4j-1.2.17.jar;E:\Java\maven\repos\mysql\mysql-connector-java\5.1.46\mysql-connector-java-5.1.46.jar;E:\Java\maven\repos\com\alibaba\druid-spring-boot-starter\1.1.10\druid-spring-boot-starter-1.1.10.jar;E:\Java\maven\repos\com\alibaba\druid\1.1.10\druid-1.1.10.jar;E:\Java\maven\repos\org\slf4j\slf4j-api\1.7.25\slf4j-api-1.7.25.jar;E:\Java\maven\repos\org\apache\mahout\mahout-hdfs\0.13.0\mahout-hdfs-0.13.0.jar;E:\Java\maven\repos\org\apache\mahout\mahout-math\0.13.0\mahout-math-0.13.0.jar;E:\Java\maven\repos\it\unimi\dsi\fastutil\7.0.12\fastutil-7.0.12.jar;E:\Java\maven\repos\com\tdunning\t-digest\3.1\t-digest-3.1.jar;E:\Java\maven\repos\org\apache\hadoop\hadoop-client\2.4.1\hadoop-client-2.4.1.jar;E:\Java\maven\repos\org\apache\hadoop\hadoop-mapreduce-client-app\2.4.1\hadoop-mapreduce-client-app-2.4.1.jar;E:\Java\maven\repos\org\slf4j\slf4j-log4j12\1.7.25\slf4j-log4j12-1.7.25.jar;E:\Java\maven\repos\com\fasterxml\jackson\core\jackson-core\2.9.8\jackson-core-2.9.8.jar;E:\Java\maven\repos\commons-cli\commons-cli\1.2\commons-cli-1.2.jar;E:\Java\maven\repos\com\thoughtworks\xstream\xstream\1.4.10\xstream-1.4.10.jar;E:\Java\maven\repos\xmlpull\xmlpull\1.1.3.1\xmlpull-1.1.3.1.jar;E:\Java\maven\repos\xpp3\xpp3_min\1.1.4c\xpp3_min-1.1.4c.jar;E:\Java\maven\repos\org\apache\lucene\lucene-core\5.5.2\lucene-core-5.5.2.jar;E:\Java\maven\repos\org\apache\lucene\lucene-analyzers-common\5.5.2\lucene-analyzers-common-5.5.2.jar;E:\Java\maven\repos\org\apache\mahout\commons\commons-cli\2.0-mahout\commons-cli-2.0-mahout.jar;E:\Java\maven\repos\org\apache\solr\solr-commons-csv\3.5.0\solr-commons-csv-3.5.0.jar;E:\Java\maven\repos\org\apache\mahout\mahout-core\0.9\mahout-core-0.9.jar;E:\Java\maven\repos\org\codehaus\jackson\jackson-core-asl\1.9.12\jackson-core-asl-1.9.12.jar;E:\Java\maven\repos\org\codehaus\jackson\jackson-mapper-asl\1.9.12\jackson-mapper-asl-1.9.12.jar;E:\Java\maven\repos\org\apache\hadoop\hadoop-core\1.2.1\hadoop-core-1.2.1.jar;E:\Java\maven\repos\org\apache\commons\commons-math\2.1\commons-math-2.1.jar;E:\Java\maven\repos\commons-el\commons-el\1.0\commons-el-1.0.jar;E:\Java\maven\repos\org\springframework\boot\spring-boot-starter-test\2.1.3.RELEASE\spring-boot-starter-test-2.1.3.RELEASE.jar;E:\Java\maven\repos\org\springframework\boot\spring-boot-test\2.1.3.RELEASE\spring-boot-test-2.1.3.RELEASE.jar;E:\Java\maven\repos\org\springframework\boot\spring-boot-test-autoconfigure\2.1.3.RELEASE\spring-boot-test-autoconfigure-2.1.3.RELEASE.jar;E:\Java\maven\repos\com\jayway\jsonpath\json-path\2.4.0\json-path-2.4.0.jar;E:\Java\maven\repos\net\minidev\json-smart\2.3\json-smart-2.3.jar;E:\Java\maven\repos\net\minidev\accessors-smart\1.2\accessors-smart-1.2.jar;E:\Java\maven\repos\org\ow2\asm\asm\5.0.4\asm-5.0.4.jar;E:\Java\maven\repos\junit\junit\4.12\junit-4.12.jar;E:\Java\maven\repos\org\assertj\assertj-core\3.11.1\assertj-core-3.11.1.jar;E:\Java\maven\repos\org\mockito\mockito-core\2.23.4\mockito-core-2.23.4.jar;E:\Java\maven\repos\net\bytebuddy\byte-buddy\1.9.10\byte-buddy-1.9.10.jar;E:\Java\maven\repos\net\bytebuddy\byte-buddy-agent\1.9.10\byte-buddy-agent-1.9.10.jar;E:\Java\maven\repos\org\objenesis\objenesis\2.6\objenesis-2.6.jar;E:\Java\maven\repos\org\hamcrest\hamcrest-core\1.3\hamcrest-core-1.3.jar;E:\Java\maven\repos\org\hamcrest\hamcrest-library\1.3\hamcrest-library-1.3.jar;E:\Java\maven\repos\org\skyscreamer\jsonassert\1.5.0\jsonassert-1.5.0.jar;E:\Java\maven\repos\com\vaadin\external\google\android-json\0.0.20131108.vaadin1\android-json-0.0.20131108.vaadin1.jar;E:\Java\maven\repos\org\springframework\spring-core\5.1.5.RELEASE\spring-core-5.1.5.RELEASE.jar;E:\Java\maven\repos\org\springframework\spring-jcl\5.1.5.RELEASE\spring-jcl-5.1.5.RELEASE.jar;E:\Java\maven\repos\org\springframework\spring-test\5.1.5.RELEASE\spring-test-5.1.5.RELEASE.jar;E:\Java\maven\repos\org\xmlunit\xmlunit-core\2.6.2\xmlunit-core-2.6.2.jar;"/>
    <property name="sun.cpu.endian" value="little"/>
    <property name="user.home" value="C:\Users\opend"/>
    <property name="user.language" value="zh"/>
    <property name="java.specification.vendor" value="Oracle Corporation"/>
    <property name="java.home" value="E:\Java\jdk1.8.0_65\jre"/>
    <property name="basedir" value="E:\github\lihongjie\OpenDecision\opendecision\modeler-management"/>
    <property name="file.separator" value="\"/>
    <property name="line.separator" value="&#10;"/>
    <property name="java.vm.specification.vendor" value="Oracle Corporation"/>
    <property name="java.specification.name" value="Java Platform API Specification"/>
    <property name="java.awt.graphicsenv" value="sun.awt.Win32GraphicsEnvironment"/>
    <property name="surefire.real.class.path" value="C:\Users\opend\AppData\Local\Temp\surefire4121432929326298541\surefirebooter4896775661216016512.jar"/>
    <property name="sun.boot.class.path" value="E:\Java\jdk1.8.0_65\jre\lib\resources.jar;E:\Java\jdk1.8.0_65\jre\lib\rt.jar;E:\Java\jdk1.8.0_65\jre\lib\sunrsasign.jar;E:\Java\jdk1.8.0_65\jre\lib\jsse.jar;E:\Java\jdk1.8.0_65\jre\lib\jce.jar;E:\Java\jdk1.8.0_65\jre\lib\charsets.jar;E:\Java\jdk1.8.0_65\jre\lib\jfr.jar;E:\Java\jdk1.8.0_65\jre\classes"/>
    <property name="user.script" value=""/>
    <property name="sun.management.compiler" value="HotSpot 64-Bit Tiered Compilers"/>
    <property name="java.runtime.version" value="1.8.0_65-b17"/>
    <property name="user.name" value="opend"/>
    <property name="path.separator" value=";"/>
    <property name="os.version" value="10.0"/>
    <property name="java.endorsed.dirs" value="E:\Java\jdk1.8.0_65\jre\lib\endorsed"/>
    <property name="java.runtime.name" value="Java(TM) SE Runtime Environment"/>
    <property name="file.encoding" value="GBK"/>
    <property name="java.vm.name" value="Java HotSpot(TM) 64-Bit Server VM"/>
    <property name="localRepository" value="E:\Java\maven\repos"/>
    <property name="java.vendor.url.bug" value="http://bugreport.sun.com/bugreport/"/>
    <property name="java.io.tmpdir" value="C:\Users\opend\AppData\Local\Temp\"/>
    <property name="java.version" value="1.8.0_65"/>
    <property name="user.dir" value="E:\github\lihongjie\OpenDecision\opendecision\modeler-management"/>
    <property name="os.arch" value="amd64"/>
    <property name="java.vm.specification.name" value="Java Virtual Machine Specification"/>
    <property name="java.awt.printerjob" value="sun.awt.windows.WPrinterJob"/>
    <property name="sun.os.patch.level" value=""/>
    <property name="java.library.path" value="E:\Java\jdk1.8.0_65\jre\bin;C:\Windows\Sun\Java\bin;C:\Windows\system32;C:\Windows;C:\Users\opend\bin;E:\Program Files\Git\mingw64\bin;E:\Program Files\Git\usr\local\bin;E:\Program Files\Git\usr\bin;E:\Program Files\Git\usr\bin;E:\Program Files\Git\mingw64\bin;E:\Program Files\Git\usr\bin;C:\Users\opend\bin;C:\Windows\system32;C:\Windows;C:\Windows\System32\Wbem;C:\Windows\System32\WindowsPowerShell\v1.0;C:\Windows\System32\OpenSSH;C:\Program Files (x86)\NVIDIA Corporation\PhysX\Common;C:\Program Files\NVIDIA Corporation\NVIDIA NvDLISR;E:\Program Files\Git\cmd;E:\Java\jdk1.8.0_65\bin;E:\Java\jdk1.8.0_65\jre\bin;E:\Java\maven\apache-maven-3.2.3\bin;E:\Java\gradle-4.5\bin;E:\Program Files\nodejs;K:\Java\Java\Apache Hadoop\hadoop-common-2.2.0-bin-master\bin;C:\Users\opend\AppData\Local\Microsoft\WindowsApps;E:\Program Files\Git\usr\bin\vendor_perl;E:\Program Files\Git\usr\bin\core_perl;."/>
    <property name="java.vm.info" value="mixed mode"/>
    <property name="java.vendor" value="Oracle Corporation"/>
    <property name="java.vm.version" value="25.65-b01"/>
    <property name="java.ext.dirs" value="E:\Java\jdk1.8.0_65\jre\lib\ext;C:\Windows\Sun\Java\lib\ext"/>
    <property name="sun.io.unicode.encoding" value="UnicodeLittle"/>
    <property name="java.class.version" value="52.0"/>
  </properties>
  <testcase name="initializationError" classname="com.opendecision.modeler.web.ModelGroupControllerTest" time="0">
    <error message="No runnable methods" type="java.lang.Exception">java.lang.Exception: No runnable methods
</error>
  </testcase>
</testsuite>